<?xml version="1.0" encoding="UTF-8"?>
<!-- Generated by org.testng.reporters.JUnitReportReporter -->
<testsuite skipped="0" hostname="DESKTOP-B24PROE" name="testCases.UpdateOneProduct" tests="2" failures="0" timestamp="12 Feb 2023 03:59:50 GMT" time="9.162" errors="0">
  <testcase name="updateOneProduct" time="8.773" classname="testCases.UpdateOneProduct"/>
  <testcase name="readOneUpdatedProduct" time="0.389" classname="testCases.UpdateOneProduct"/>
</testsuite> <!-- testCases.UpdateOneProduct -->
