<?xml version="1.0" encoding="UTF-8"?>
<!-- Generated by org.testng.reporters.JUnitReportReporter -->
<testsuite skipped="0" hostname="DESKTOP-B24PROE" name="testCases.ReadOneProduct" tests="1" failures="0" timestamp="14 Feb 2023 01:33:44 GMT" time="0.382" errors="0">
  <testcase name="readOneProduct" time="0.382" classname="testCases.ReadOneProduct"/>
</testsuite> <!-- testCases.ReadOneProduct -->
