<?xml version="1.0" encoding="UTF-8"?>
<!-- Generated by org.testng.reporters.JUnitReportReporter -->
<testsuite skipped="0" hostname="DESKTOP-B24PROE" name="testCases.CreateOneProduct" tests="3" failures="0" timestamp="14 Feb 2023 01:41:50 GMT" time="3.508" errors="0">
  <testcase name="createOneProduct" time="1.910" classname="testCases.CreateOneProduct"/>
  <testcase name="readAllProducts" time="1.237" classname="testCases.CreateOneProduct"/>
  <testcase name="readOneProduct" time="0.361" classname="testCases.CreateOneProduct"/>
</testsuite> <!-- testCases.CreateOneProduct -->
