<?xml version="1.0" encoding="UTF-8"?>
<!-- Generated by org.testng.reporters.JUnitReportReporter -->
<testsuite skipped="0" hostname="DESKTOP-B24PROE" name="testCases.ReadAllProducts" tests="1" failures="0" timestamp="14 Feb 2023 01:34:54 GMT" time="2.364" errors="0">
  <testcase name="readAllProducts" time="2.364" classname="testCases.ReadAllProducts"/>
</testsuite> <!-- testCases.ReadAllProducts -->
