<?xml version="1.0" encoding="UTF-8"?>
<!-- Generated by org.testng.reporters.JUnitReportReporter -->
<testsuite skipped="0" hostname="DESKTOP-B24PROE" name="testCases.DeleteOneProductAdvance2" tests="4" failures="0" timestamp="14 Feb 2023 01:41:50 GMT" time="2.098" errors="0">
  <testcase name="createOneProduct" time="0.360" classname="testCases.DeleteOneProductAdvance2"/>
  <testcase name="readAllProducts" time="0.964" classname="testCases.DeleteOneProductAdvance2"/>
  <testcase name="deleteOneProduct" time="0.368" classname="testCases.DeleteOneProductAdvance2"/>
  <testcase name="readOneDeletedProduct" time="0.406" classname="testCases.DeleteOneProductAdvance2"/>
</testsuite> <!-- testCases.DeleteOneProductAdvance2 -->
