<?xml version="1.0" encoding="UTF-8"?>
<!-- Generated by org.testng.reporters.JUnitReportReporter -->
<testsuite skipped="0" hostname="DESKTOP-B24PROE" name="testCases.UpdateOneProductAdvance" tests="4" failures="0" timestamp="14 Feb 2023 01:31:23 GMT" time="3.571" errors="0">
  <testcase name="createOneProduct" time="1.723" classname="testCases.UpdateOneProductAdvance"/>
  <testcase name="readAllProducts" time="1.096" classname="testCases.UpdateOneProductAdvance"/>
  <testcase name="updateOneProduct" time="0.360" classname="testCases.UpdateOneProductAdvance"/>
  <testcase name="readOneUpdatedProduct" time="0.392" classname="testCases.UpdateOneProductAdvance"/>
</testsuite> <!-- testCases.UpdateOneProductAdvance -->
