<?xml version="1.0" encoding="UTF-8"?>
<!-- Generated by org.testng.reporters.JUnitReportReporter -->
<testsuite skipped="0" hostname="DESKTOP-B24PROE" name="testCases.CreateOneProduct" tests="3" failures="0" timestamp="14 Feb 2023 00:54:20 GMT" time="3.282" errors="0">
  <testcase name="createOneProduct" time="2.020" classname="testCases.CreateOneProduct"/>
  <testcase name="readAllProducts" time="0.880" classname="testCases.CreateOneProduct"/>
  <testcase name="readOneProduct" time="0.382" classname="testCases.CreateOneProduct"/>
</testsuite> <!-- testCases.CreateOneProduct -->
